<?xml version="1.0" encoding="UTF-8"?>
<testsuite xmlns:xsi="http://www.w3.org/2001/XMLSchema-instance" xsi:noNamespaceSchemaLocation="https://maven.apache.org/surefire/maven-surefire-plugin/xsd/surefire-test-report-3.0.xsd" version="3.0" name="TestSuite" time="61.536" tests="2" errors="0" skipped="0" failures="0">
  <properties>
[...]
</properties>
  <testcase name="testContactForm[Test User, john@test.com, 9653665366, Hello EC](1)" classname="tests.ContactFormTest" time="28.302">
    <system-out><![CDATA[Please solve CAPTCHA manually...
Thank you for contacting us. We will be in touch with you shortly!
]]></system-out>
    <system-err><![CDATA[[main] INFO io.github.bonigarcia.wdm.WebDriverManager - Using chromedriver 138.0.7204.168 (resolved driver for Chrome 138)
[main] INFO io.github.bonigarcia.wdm.WebDriverManager - Exporting webdriver.chrome.driver as C:\Users\Uday Teke\.cache\selenium\chromedriver\win64\138.0.7204.168\chromedriver.exe
Jul 25, 2025 9:34:38 AM org.openqa.selenium.devtools.CdpVersionFinder findNearestMatch
WARNING: Unable to find CDP implementation matching 138
Jul 25, 2025 9:34:38 AM org.openqa.selenium.chromium.ChromiumDriver lambda$new$5
WARNING: Unable to find version of CDP to use for 138.0.7204.168. You may need to include a dependency on a specific version of the CDP using something similar to `org.seleniumhq.selenium:selenium-devtools-v86:4.21.0` where the version ("v86") matches the version of the chromium-based browser you're using and the version number of the artifact is the same as Selenium's.
]]></system-err>
  </testcase>
  <testcase name="testContactForm[Uday Teke, uday.teke@helloec.com, 9656365566, Welcome to cylndr](2)" classname="tests.ContactFormTest" time="26.692">
    <system-out><![CDATA[Please solve CAPTCHA manually...
Thank you for contacting us. We will be in touch with you shortly!
]]></system-out>
  </testcase>
</testsuite>